<?xml version="1.0" encoding="UTF-8"?>
<testng-results ignored="0" total="1" passed="1" failed="0" skipped="0">
  <reporter-output>
  </reporter-output>
  <suite started-at="2023-08-01T10:55:15 IST" name="Default suite" finished-at="2023-08-01T10:56:58 IST" duration-ms="102709">
    <groups>
    </groups>
    <test started-at="2023-08-01T10:55:15 IST" name="Default test" finished-at="2023-08-01T10:56:58 IST" duration-ms="102709">
      <class name="com.iiiiinetbanking.testcases.LoginTC_002">
        <test-method is-config="true" signature="inti()[pri:0, instance:com.iiiiinetbanking.testcases.LoginTC_002@2e8c1c9b]" started-at="2023-08-01T10:55:14 IST" name="inti" finished-at="2023-08-01T10:55:15 IST" duration-ms="1071" status="PASS">
          <reporter-output>
          </reporter-output>
        </test-method> <!-- inti -->
        <test-method is-config="true" signature="setup(java.lang.String)[pri:0, instance:com.iiiiinetbanking.testcases.LoginTC_002@2e8c1c9b]" started-at="2023-08-01T10:55:15 IST" name="setup" finished-at="2023-08-01T10:56:51 IST" duration-ms="95564" status="PASS">
          <params>
            <param index="0">
              <value>
                <![CDATA[chrome]]>
              </value>
            </param>
          </params>
          <reporter-output>
          </reporter-output>
        </test-method> <!-- setup -->
        <test-method signature="verifyLoginFunctionalityTC_001()[pri:0, instance:com.iiiiinetbanking.testcases.LoginTC_002@2e8c1c9b]" started-at="2023-08-01T10:56:51 IST" name="verifyLoginFunctionalityTC_001" finished-at="2023-08-01T10:56:55 IST" duration-ms="3659" status="PASS">
          <reporter-output>
          </reporter-output>
        </test-method> <!-- verifyLoginFunctionalityTC_001 -->
        <test-method is-config="true" signature="teardown()[pri:0, instance:com.iiiiinetbanking.testcases.LoginTC_002@2e8c1c9b]" started-at="2023-08-01T10:56:55 IST" name="teardown" finished-at="2023-08-01T10:56:58 IST" duration-ms="3434" status="PASS">
          <reporter-output>
          </reporter-output>
        </test-method> <!-- teardown -->
      </class> <!-- com.iiiiinetbanking.testcases.LoginTC_002 -->
    </test> <!-- Default test -->
  </suite> <!-- Default suite -->
</testng-results>
